e:\tim_programing\aerodyndll\x64\release\aerodyndll.lib
e:\tim_programing\aerodyndll\x64\release\aerodyndll.exp
e:\tim_programing\aerodyndll\aerodyndll\x64\release\aerodyndll.pch
e:\tim_programing\aerodyndll\aerodyndll\x64\release\vc142.pdb
e:\tim_programing\aerodyndll\aerodyndll\x64\release\pch.obj
e:\tim_programing\aerodyndll\aerodyndll\x64\release\shareddll.obj
e:\tim_programing\aerodyndll\aerodyndll\x64\release\dllmain.obj
e:\tim_programing\aerodyndll\aerodyndll\x64\release\wavespectral_dll.obj
e:\tim_programing\aerodyndll\x64\release\aerodyndll.dll
e:\tim_programing\aerodyndll\x64\release\aerodyndll.pdb
e:\tim_programing\aerodyndll\aerodyndll\x64\release\aerodyndll.tlog\aerodyndll.write.1u.tlog
e:\tim_programing\aerodyndll\aerodyndll\x64\release\aerodyndll.tlog\cl.command.1.tlog
e:\tim_programing\aerodyndll\aerodyndll\x64\release\aerodyndll.tlog\cl.read.1.tlog
e:\tim_programing\aerodyndll\aerodyndll\x64\release\aerodyndll.tlog\cl.write.1.tlog
e:\tim_programing\aerodyndll\aerodyndll\x64\release\aerodyndll.tlog\link.20732.delete.1.tlog
e:\tim_programing\aerodyndll\aerodyndll\x64\release\aerodyndll.tlog\link.24320.delete.1.tlog
e:\tim_programing\aerodyndll\aerodyndll\x64\release\aerodyndll.tlog\link.24584.delete.1.tlog
e:\tim_programing\aerodyndll\aerodyndll\x64\release\aerodyndll.tlog\link.command.1.tlog
e:\tim_programing\aerodyndll\aerodyndll\x64\release\aerodyndll.tlog\link.read.1.tlog
e:\tim_programing\aerodyndll\aerodyndll\x64\release\aerodyndll.tlog\link.write.1.tlog
